            1 2^ 1 -1 correct 
            3 2^ 2 -1 correct 
            7 2^ 3 -1 correct 
           15 2^ 4 -1 correct 
           31 2^ 5 -1 correct 
           63 2^ 6 -1 correct 
          127 2^ 7 -1 correct 
          255 2^ 8 -1 correct 
          511 2^ 9 -1 correct 
         1023 2^10 -1 correct 
         2047 2^11 -1 correct 
         4095 2^12 -1 correct 
         8191 2^13 -1 correct 
        16383 2^14 -1 correct 
        32767 2^15 -1 correct 
        65535 2^16 -1 correct 
       131071 2^17 -1 correct 
       262143 2^18 -1 correct 
       524287 2^19 -1 correct 
      1048575 2^20 -1 correct 
      2097151 2^21 -1 correct 
      4194303 2^22 -1 correct 
      8388607 2^23 -1 correct 
     16777215 2^24 -1 correct 
     33554431 2^25 -1 correct 
     67108863 2^26 -1 correct 
    134217727 2^27 -1 correct 
    268435455 2^28 -1 correct 
    536870911 2^29 -1 correct 
   1073741823 2^30 -1 correct 
   2147483647 2^31 -1 correct 
           -1 2^32 -1   wrong 
           -1 2^33 -1   wrong 
