1.000000e+00 
1.000000e+01 
1.000000e+02 
1.000000e+03 
1.000000e+04 
1.000000e+05 
1.000000e+06 
1.000000e+07 
1.000000e+08 
1.000000e+09 
1.000000e+10 
1.000000e+11 
1.000000e+12 
1.000000e+13 
1.000000e+14 
1.000000e+15 
1.000000e+16 
1.000000e+17 
1.000000e+18 
1.000000e+19 
1.000000e+20 
1.000000e+21 
1.000000e+22 
1.000000e+23 
1.000000e+24 
1.000000e+25 
1.000000e+26 
1.000000e+27 
1.000000e+28 
1.000000e+29 
1.000000e+30 
1.000000e+31 
1.000000e+32 
1.000000e+33 
1.000000e+34 
1.000000e+35 
1.000000e+36 
1.000000e+37 
1.000000e+38 
inf 
1.000000e+01 
1.000000e+02 
1.000000e+03 
1.000000e+04 
1.000000e+05 
1.000000e+06 
1.000000e+07 
1.000000e+08 
1.000000e+09 
1.000000e+10 
1.000000e+11 
1.000000e+12 
1.000000e+13 
1.000000e+14 
1.000000e+15 
1.000000e+16 
1.000000e+17 
1.000000e+18 
1.000000e+19 
1.000000e+20 
1.000000e+21 
1.000000e+22 
1.000000e+23 
1.000000e+24 
1.000000e+25 
1.000000e+26 
1.000000e+27 
1.000000e+28 
1.000000e+29 
1.000000e+30 
1.000000e+31 
1.000000e+32 
1.000000e+33 
1.000000e+34 
1.000000e+35 
1.000000e+36 
1.000000e+37 
1.000000e+38 
1.000000e+39 
1.000000e+40 
1.000000e+41 
1.000000e+42 
1.000000e+43 
1.000000e+44 
1.000000e+45 
1.000000e+46 
1.000000e+47 
1.000000e+48 
1.000000e+49 
1.000000e+50 
1.000000e+51 
1.000000e+52 
1.000000e+53 
1.000000e+54 
1.000000e+55 
1.000000e+56 
1.000000e+57 
1.000000e+58 
1.000000e+59 
1.000000e+60 
1.000000e+61 
1.000000e+62 
1.000000e+63 
1.000000e+64 
1.000000e+65 
1.000000e+66 
1.000000e+67 
1.000000e+68 
1.000000e+69 
1.000000e+70 
1.000000e+71 
1.000000e+72 
1.000000e+73 
1.000000e+74 
1.000000e+75 
1.000000e+76 
1.000000e+77 
1.000000e+78 
1.000000e+79 
1.000000e+80 
1.000000e+81 
1.000000e+82 
1.000000e+83 
1.000000e+84 
1.000000e+85 
1.000000e+86 
1.000000e+87 
1.000000e+88 
1.000000e+89 
1.000000e+90 
1.000000e+91 
1.000000e+92 
1.000000e+93 
1.000000e+94 
1.000000e+95 
1.000000e+96 
1.000000e+97 
1.000000e+98 
1.000000e+99 
1.000000e+100 
1.000000e+101 
1.000000e+102 
1.000000e+103 
1.000000e+104 
1.000000e+105 
1.000000e+106 
1.000000e+107 
1.000000e+108 
1.000000e+109 
1.000000e+110 
1.000000e+111 
1.000000e+112 
1.000000e+113 
1.000000e+114 
1.000000e+115 
1.000000e+116 
1.000000e+117 
1.000000e+118 
1.000000e+119 
1.000000e+120 
1.000000e+121 
1.000000e+122 
1.000000e+123 
1.000000e+124 
1.000000e+125 
1.000000e+126 
1.000000e+127 
1.000000e+128 
1.000000e+129 
1.000000e+130 
1.000000e+131 
1.000000e+132 
1.000000e+133 
1.000000e+134 
1.000000e+135 
1.000000e+136 
1.000000e+137 
1.000000e+138 
1.000000e+139 
1.000000e+140 
1.000000e+141 
1.000000e+142 
1.000000e+143 
1.000000e+144 
1.000000e+145 
1.000000e+146 
1.000000e+147 
1.000000e+148 
1.000000e+149 
1.000000e+150 
1.000000e+151 
1.000000e+152 
1.000000e+153 
1.000000e+154 
1.000000e+155 
1.000000e+156 
1.000000e+157 
1.000000e+158 
1.000000e+159 
1.000000e+160 
1.000000e+161 
1.000000e+162 
1.000000e+163 
1.000000e+164 
1.000000e+165 
1.000000e+166 
1.000000e+167 
1.000000e+168 
1.000000e+169 
1.000000e+170 
1.000000e+171 
1.000000e+172 
1.000000e+173 
1.000000e+174 
1.000000e+175 
1.000000e+176 
1.000000e+177 
1.000000e+178 
1.000000e+179 
1.000000e+180 
1.000000e+181 
1.000000e+182 
1.000000e+183 
1.000000e+184 
1.000000e+185 
1.000000e+186 
1.000000e+187 
1.000000e+188 
1.000000e+189 
1.000000e+190 
1.000000e+191 
1.000000e+192 
1.000000e+193 
1.000000e+194 
1.000000e+195 
1.000000e+196 
1.000000e+197 
1.000000e+198 
1.000000e+199 
1.000000e+200 
1.000000e+201 
1.000000e+202 
1.000000e+203 
1.000000e+204 
1.000000e+205 
1.000000e+206 
1.000000e+207 
1.000000e+208 
1.000000e+209 
1.000000e+210 
1.000000e+211 
1.000000e+212 
1.000000e+213 
1.000000e+214 
1.000000e+215 
1.000000e+216 
1.000000e+217 
1.000000e+218 
1.000000e+219 
1.000000e+220 
1.000000e+221 
1.000000e+222 
1.000000e+223 
1.000000e+224 
1.000000e+225 
1.000000e+226 
1.000000e+227 
1.000000e+228 
1.000000e+229 
1.000000e+230 
1.000000e+231 
1.000000e+232 
1.000000e+233 
1.000000e+234 
1.000000e+235 
1.000000e+236 
1.000000e+237 
1.000000e+238 
1.000000e+239 
1.000000e+240 
1.000000e+241 
1.000000e+242 
1.000000e+243 
1.000000e+244 
1.000000e+245 
1.000000e+246 
1.000000e+247 
1.000000e+248 
1.000000e+249 
1.000000e+250 
1.000000e+251 
1.000000e+252 
1.000000e+253 
1.000000e+254 
1.000000e+255 
1.000000e+256 
1.000000e+257 
1.000000e+258 
1.000000e+259 
1.000000e+260 
1.000000e+261 
1.000000e+262 
1.000000e+263 
1.000000e+264 
1.000000e+265 
1.000000e+266 
1.000000e+267 
1.000000e+268 
1.000000e+269 
1.000000e+270 
1.000000e+271 
1.000000e+272 
1.000000e+273 
1.000000e+274 
1.000000e+275 
1.000000e+276 
1.000000e+277 
1.000000e+278 
1.000000e+279 
1.000000e+280 
1.000000e+281 
1.000000e+282 
1.000000e+283 
1.000000e+284 
1.000000e+285 
1.000000e+286 
1.000000e+287 
1.000000e+288 
1.000000e+289 
1.000000e+290 
1.000000e+291 
1.000000e+292 
1.000000e+293 
1.000000e+294 
1.000000e+295 
1.000000e+296 
1.000000e+297 
1.000000e+298 
1.000000e+299 
1.000000e+300 
1.000000e+301 
1.000000e+302 
1.000000e+303 
1.000000e+304 
1.000000e+305 
1.000000e+306 
1.000000e+307 
1.000000e+308 
inf 
inf 
