Question 6, anharmonic oscillator: 
Amplitude = 0.1: 
     x            t 
    0.100000     0.000000 
    1.100000     0.500000 
    2.100000     1.000000 
    3.100000     1.500000 
    4.100000     2.000000 
    5.100000     2.500000 
    6.100000     3.000000 
    7.100000     3.500000 
    8.100000     4.000000 
    9.100000     4.500000 
   10.100000     5.000000 
   11.100000     5.500000 
   12.100000     6.000000 
   13.100000     6.500000 
   14.100000     7.000000 
   15.100000     7.500000 
   16.100000     8.000000 
   17.100000     8.500000 
   18.100000     9.000000 
   19.100000     9.500000 
Amplitude = 1: 
     x            t 
    1.000000     0.000000 
    2.000000     0.500000 
    3.000000     1.000000 
    4.000000     1.500000 
    5.000000     2.000000 
    6.000000     2.500000 
    7.000000     3.000000 
    8.000000     3.500000 
    9.000000     4.000000 
   10.000000     4.500000 
   11.000000     5.000000 
   12.000000     5.500000 
   13.000000     6.000000 
   14.000000     6.500000 
   15.000000     7.000000 
   16.000000     7.500000 
   17.000000     8.000000 
   18.000000     8.500000 
   19.000000     9.000000 
   20.000000     9.500000 
Amplitude = 10: 
     x            t 
   10.000000     0.000000 
   11.000000     0.500000 
   12.000000     1.000000 
   13.000000     1.500000 
   14.000000     2.000000 
   15.000000     2.500000 
   16.000000     3.000000 
   17.000000     3.500000 
   18.000000     4.000000 
   19.000000     4.500000 
   20.000000     5.000000 
   21.000000     5.500000 
   22.000000     6.000000 
   23.000000     6.500000 
   24.000000     7.000000 
   25.000000     7.500000 
   26.000000     8.000000 
   27.000000     8.500000 
   28.000000     9.000000 
   29.000000     9.500000 

 
 Question 7: 
Intervals    Yn      |tan(pi/4) - Y(n)| 
     1       0.996886       0.003114 
     2       0.999836       0.000164 
     4       0.999999       0.000001 
     8       1.000000       0.000000 
    16       1.000000       0.000000 
    32       1.000000       0.000000 
    64       1.000000       0.000000 
   128       1.000000       0.000000 
   256       1.000000       0.000000 
   512       1.000000       0.000000 
